<?xml version="1.0" encoding="UTF-8"?>
<coverage generated="1770296041437" clover="3.2.0">
  <project timestamp="1770296041437" name="All files">
    <metrics statements="11" coveredstatements="11" conditionals="1" coveredconditionals="1" methods="0" coveredmethods="0" elements="12" coveredelements="12" complexity="0" loc="11" ncloc="11" packages="1" files="1" classes="1"/>
    <file name="app.js" path="/home/smarcilla/projects/pruebas-tecnicas/task-manager-rest-api/src/app.js">
      <metrics statements="11" coveredstatements="11" conditionals="1" coveredconditionals="1" methods="0" coveredmethods="0"/>
      <line num="1" count="1" type="stmt"/>
      <line num="2" count="1" type="stmt"/>
      <line num="3" count="1" type="stmt"/>
      <line num="4" count="1" type="stmt"/>
      <line num="5" count="1" type="stmt"/>
      <line num="6" count="1" type="stmt"/>
      <line num="7" count="1" type="cond" truecount="1" falsecount="0"/>
      <line num="8" count="1" type="stmt"/>
      <line num="9" count="1" type="stmt"/>
      <line num="10" count="1" type="stmt"/>
      <line num="11" count="1" type="stmt"/>
    </file>
  </project>
</coverage>
